TN:
SF:app.js
FNF:0
FNH:0
DA:1,1
DA:2,1
DA:3,1
DA:4,1
DA:5,1
DA:6,1
DA:7,1
DA:8,1
DA:9,1
DA:10,1
DA:11,1
DA:12,1
DA:13,1
DA:14,1
DA:15,1
DA:16,1
DA:17,1
DA:18,1
DA:19,1
DA:20,3
DA:21,3
DA:22,3
DA:23,3
DA:24,1
DA:25,1
DA:26,1
DA:27,2
DA:28,2
DA:29,1
DA:30,1
DA:31,1
DA:32,0
DA:33,0
DA:34,0
DA:35,0
DA:36,0
DA:37,0
DA:38,0
DA:39,0
DA:40,0
DA:41,0
DA:42,0
DA:43,1
DA:44,1
DA:45,1
DA:46,0
DA:47,0
DA:48,0
DA:49,0
DA:50,0
DA:51,0
DA:52,0
DA:53,0
DA:54,0
DA:55,0
DA:56,1
DA:57,1
DA:58,1
DA:59,0
DA:60,0
DA:61,0
DA:62,0
DA:63,0
DA:64,0
DA:65,0
DA:66,1
DA:67,1
DA:68,1
DA:69,0
DA:70,1
DA:71,1
DA:72,1
DA:73,0
DA:74,1
DA:75,1
DA:76,1
LF:76
LH:46
BRDA:19,0,0,3
BRDA:23,1,0,1
BRDA:26,2,0,2
BRF:3
BRH:3
end_of_record
TN:
SF:src\model\entity\file.model.js
FN:1,<instance_members_initializer>
FNF:1
FNH:0
FNDA:0,<instance_members_initializer>
DA:1,0
DA:2,0
DA:3,0
DA:4,0
DA:5,1
DA:6,1
LF:6
LH:2
BRDA:1,0,0,0
BRF:1
BRH:0
end_of_record
TN:
SF:src\model\response\response.model.js
FN:1,<instance_members_initializer>
FNF:1
FNH:1
FNDA:4,<instance_members_initializer>
DA:1,4
DA:2,4
DA:3,4
DA:4,4
DA:5,4
DA:6,4
DA:7,1
DA:8,1
LF:8
LH:8
BRDA:1,0,0,4
BRF:1
BRH:1
end_of_record
TN:
SF:src\repository\base.repository.js
FN:6,<static_initializer>
FN:8,BaseRepository
FNF:2
FNH:2
FNDA:1,<static_initializer>
FNDA:3,BaseRepository
DA:1,1
DA:2,1
DA:3,1
DA:4,1
DA:5,1
DA:6,1
DA:7,1
DA:8,1
DA:9,3
DA:10,1
DA:11,1
DA:12,1
DA:13,1
DA:14,1
DA:15,0
DA:16,1
DA:17,1
DA:18,3
DA:19,3
DA:20,3
DA:21,1
DA:22,1
DA:23,1
LF:23
LH:22
BRDA:6,0,0,1
BRDA:8,1,0,3
BRDA:9,2,0,1
BRDA:19,3,0,2
BRDA:19,4,0,1
BRDA:11,5,0,1
BRF:6
BRH:6
end_of_record
TN:
SF:src\repository\file.repository.js
FN:7,FileRepository
FN:11,createFile
FN:26,readFile
FN:45,downloadFile
FN:64,deleteFile
FNF:5
FNH:2
FNDA:3,FileRepository
FNDA:0,createFile
FNDA:1,readFile
FNDA:0,downloadFile
FNDA:0,deleteFile
DA:1,1
DA:2,1
DA:3,1
DA:4,1
DA:5,1
DA:6,1
DA:7,1
DA:8,3
DA:9,3
DA:10,1
DA:11,1
DA:12,0
DA:13,0
DA:14,0
DA:15,0
DA:16,0
DA:17,0
DA:18,0
DA:19,0
DA:20,0
DA:21,0
DA:22,0
DA:23,0
DA:24,0
DA:25,1
DA:26,1
DA:27,1
DA:28,1
DA:29,1
DA:30,1
DA:31,0
DA:32,0
DA:33,0
DA:34,0
DA:35,1
DA:36,1
DA:37,1
DA:38,1
DA:39,0
DA:40,0
DA:41,0
DA:42,0
DA:43,1
DA:44,1
DA:45,1
DA:46,0
DA:47,0
DA:48,0
DA:49,0
DA:50,0
DA:51,0
DA:52,0
DA:53,0
DA:54,0
DA:55,0
DA:56,0
DA:57,0
DA:58,0
DA:59,0
DA:60,0
DA:61,0
DA:62,0
DA:63,1
DA:64,1
DA:65,0
DA:66,0
DA:67,0
DA:68,0
DA:69,0
DA:70,0
DA:71,0
DA:72,0
DA:73,0
DA:74,0
DA:75,0
DA:76,0
DA:77,0
DA:78,0
DA:79,0
DA:80,0
DA:81,0
DA:82,1
DA:83,1
DA:84,1
LF:84
LH:29
BRDA:7,0,0,3
BRDA:26,1,0,1
BRDA:30,2,0,0
BRDA:38,3,0,0
BRF:4
BRH:2
end_of_record
TN:
SF:src\schema\file.schema.js
FNF:0
FNH:0
DA:1,1
DA:2,1
DA:3,1
DA:4,1
DA:5,1
DA:6,1
LF:6
LH:6
BRF:0
BRH:0
end_of_record
TN:
SF:src\service\file.service.js
FN:6,<instance_members_initializer>
FN:9,uploadFile
FN:25,searchFile
FN:34,downloadFile
FN:43,deleteFile
FN:52,isIdValid
FNF:6
FNH:3
FNDA:3,<instance_members_initializer>
FNDA:0,uploadFile
FNDA:3,searchFile
FNDA:0,downloadFile
FNDA:0,deleteFile
FNDA:3,isIdValid
DA:1,1
DA:2,1
DA:3,1
DA:4,1
DA:5,1
DA:6,3
DA:7,3
DA:8,3
DA:9,3
DA:10,0
DA:11,0
DA:12,0
DA:13,0
DA:14,0
DA:15,0
DA:16,0
DA:17,0
DA:18,0
DA:19,0
DA:20,0
DA:21,0
DA:22,0
DA:23,0
DA:24,3
DA:25,3
DA:26,3
DA:27,3
DA:28,1
DA:29,1
DA:30,1
DA:31,2
DA:32,2
DA:33,3
DA:34,3
DA:35,0
DA:36,0
DA:37,0
DA:38,0
DA:39,0
DA:40,0
DA:41,0
DA:42,3
DA:43,3
DA:44,0
DA:45,0
DA:46,0
DA:47,0
DA:48,0
DA:49,0
DA:50,0
DA:51,3
DA:52,3
DA:53,3
DA:54,3
DA:55,1
DA:56,1
DA:57,1
DA:58,2
DA:59,2
DA:60,2
DA:61,2
DA:62,3
DA:63,1
DA:64,1
LF:64
LH:36
BRDA:6,0,0,3
BRDA:25,1,0,3
BRDA:27,2,0,1
BRDA:30,3,0,2
BRDA:52,4,0,3
BRDA:54,5,0,1
BRDA:57,6,0,2
BRF:7
BRH:7
end_of_record
TN:
SF:src\service\logger.service.js
FN:4,<static_initializer>
FNF:1
FNH:1
FNDA:1,<static_initializer>
DA:1,1
DA:2,1
DA:3,1
DA:4,1
DA:5,1
DA:6,1
DA:7,1
LF:7
LH:7
BRDA:4,0,0,1
BRF:1
BRH:1
end_of_record
